INFO 2023-07-12 19:17:28 (4447) 	 /tmp/ipykernel_2074/2564422528.py F<module> L3 - Scraped Board info successfully.
INFO 2023-07-12 19:17:29 (5322) 	 /tmp/ipykernel_2074/879603697.py F<module> L4 - succesfully added <ul>
<li>Board of intermediate education  (Andhra Pradesh)</li>
<li>Board of secondary education (Andhra Pradesh) </li>
<li>A.P. Open School Society Govt. Of Andhra Pradesh</li>
</ul> - <strong>Andhra Pradesh</strong>
INFO 2023-07-12 19:17:29 (5324) 	 /tmp/ipykernel_2074/879603697.py F<module> L4 - succesfully added <ul>
<li>Central Board Of Secondary Education</li>
</ul> - <strong>Arunachal Pradesh</strong>
INFO 2023-07-12 19:17:29 (5329) 	 /tmp/ipykernel_2074/879603697.py F<module> L4 - succesfully added <ul>
<li>Assam Higher Secondary Education Council</li>
<li>Board of Secondary Education, Assam</li>
<li>Assam Sanskrit Board</li>
<li>State Madrassa Education Board, Assam</li>
</ul> - <strong>Assam</strong>
INFO 2023-07-12 19:17:29 (5334) 	 /tmp/ipykernel_2074/879603697.py F<module> L4 - succesfully added <ul>
<li>Bihar School Examination Board</li>
<li>Bihar Board Of Open Schooling &amp; Examination</li>
<li>Bihar State Madrasa Education Board</li>
<li>Bihar Sanskrit Shiksha Board</li>
</ul> - <strong>Bihar</strong>
INFO 2023-07-12 19:17:29 (5335) 	 /tmp/ipykernel_2074/879603697.py F<module> L4 - succesfully added <ul>
<li>Chhatisgarh Board Of Secondary Education</li>
<li>Chhatisgarh State Open School</li>
<li>Chhattisgarh Sanskrit Board, Raipur</li>
<li>Chhattisgarh Madrasa Board</li>
</ul> - <strong>Chhattisgarh</strong>
INFO 2023-07-12 19:17:29 (5337) 	 /tmp/ipykernel_2074/879603697.py F<module> L4 - succesfully added <ul>
<li> Central Board of Secondary Education</li>
</ul> - <strong>Delhi (NCT)</strong>
INFO 2023-07-12 19:17:29 (5338) 	 /tmp/ipykernel_2074/879603697.py F<module> L4 - succesfully added <ul>
<li>Goa Board Of Secondary And Higher Secondary  Education</li>
</ul> - <strong>Goa</strong>
INFO 2023-07-12 19:17:29 (5340) 	 /tmp/ipykernel_2074/879603697.py F<module> L4 - succesfully added <ul>
<li>Gujarat Secondary And Higher Secondary Education  Board</li>
</ul> - <strong>Gujarat</strong>
INFO 2023-07-12 19:17:29 (5343) 	 /tmp/ipykernel_2074/879603697.py F<module> L4 - succesfully added <ul>
<li> Haryana Board of School Education</li>
</ul> - <strong>Haryana</strong>
INFO 2023-07-12 19:17:29 (5344) 	 /tmp/ipykernel_2074/879603697.py F<module> L4 - succesfully added <ul>
<li>Himachal Pradesh Board of School Education</li>
</ul> - <strong>Himachal Pradesh</strong>
INFO 2023-07-12 19:17:29 (5349) 	 /tmp/ipykernel_2074/879603697.py F<module> L4 - succesfully added <ul>
<li>Jammu and Kashmir State Board of School Education</li>
</ul> - <strong>Jammu and Kashmir</strong>
INFO 2023-07-12 19:17:29 (5350) 	 /tmp/ipykernel_2074/879603697.py F<module> L4 - succesfully added <ul>
<li>Jharkhand Academic Council,Ranchi</li>
</ul> - <strong>Jharkhand</strong>
INFO 2023-07-12 19:17:29 (5351) 	 /tmp/ipykernel_2074/879603697.py F<module> L4 - succesfully added <ul>
<li>Govt. Of Karnataka Dept. Of Pre-University  Education</li>
<li>Karnataka Secondary Education, Examination Board</li>
</ul> - <strong>Karnataka</strong>
INFO 2023-07-12 19:17:29 (5354) 	 /tmp/ipykernel_2074/879603697.py F<module> L4 - succesfully added <ul>
<li>Kerala Board Of Public Examination</li>
<li>Kerala Board Of Higher Secondary Education</li>
</ul> - <strong>Kerala</strong>
INFO 2023-07-12 19:17:29 (5355) 	 /tmp/ipykernel_2074/879603697.py F<module> L4 - succesfully added <ul>
<li>Board of Secondary Education,  Madhya Pradesh</li>
<li>M. P. State Open School Education Board</li>
<li>Maharishi Patanjali Sanskrit Sansthan</li>
</ul> - <strong>Madhya Pradesh</strong>
INFO 2023-07-12 19:17:29 (5356) 	 /tmp/ipykernel_2074/879603697.py F<module> L4 - succesfully added <ul>
<li>Maharashtra State Board Of Secondary And Higher  Secondary Education</li>
</ul> - <strong>Maharashtra</strong>
INFO 2023-07-12 19:17:29 (5357) 	 /tmp/ipykernel_2074/879603697.py F<module> L4 - succesfully added <ul>
<li>Board of Secondary Education, Manipur</li>
<li>Council of Higher Secondary Education, Manipur</li>
</ul> - <strong>Manipur</strong>
INFO 2023-07-12 19:17:29 (5358) 	 /tmp/ipykernel_2074/879603697.py F<module> L4 - succesfully added <ul>
<li>Meghalaya Board Of School Education</li>
</ul> - <strong>Meghalaya</strong>
INFO 2023-07-12 19:17:29 (5359) 	 /tmp/ipykernel_2074/879603697.py F<module> L4 - succesfully added <ul>
<li>Mizoram Board of School Education</li>
</ul> - <strong>Mizoram</strong>
INFO 2023-07-12 19:17:29 (5359) 	 /tmp/ipykernel_2074/879603697.py F<module> L4 - succesfully added <ul>
<li> Nagaland Board of School Education</li>
</ul> - <strong>Nagaland</strong>
INFO 2023-07-12 19:17:29 (5360) 	 /tmp/ipykernel_2074/879603697.py F<module> L4 - succesfully added <ul>
<li>Council of Higher Secondary Education, Odisha</li>
<li>Board of Secondary Education, Odisha</li>
</ul> - <strong>Odisha</strong>
INFO 2023-07-12 19:17:29 (5361) 	 /tmp/ipykernel_2074/879603697.py F<module> L4 - succesfully added <ul>
<li>Punjab School Education Board</li>
</ul> - <strong>Punjab</strong>
INFO 2023-07-12 19:17:29 (5362) 	 /tmp/ipykernel_2074/879603697.py F<module> L4 - succesfully added <ul>
<li>Board of Secondary Education Rajasthan</li>
<li>Rajasthan State Open School, Jaipur</li>
</ul> - <strong>Rajasthan</strong>
INFO 2023-07-12 19:17:29 (5362) 	 /tmp/ipykernel_2074/879603697.py F<module> L4 - succesfully added <ul>
<li>Central Board Of Secondary Education</li>
</ul> - <strong>Sikkim</strong>
INFO 2023-07-12 19:17:29 (5363) 	 /tmp/ipykernel_2074/879603697.py F<module> L4 - succesfully added <ul>
<li>State Board Of School Examinations(Sec.) &amp; Board  Of Higher Secondary Examinations, Tamil Nadu</li>
</ul> - <strong>Tamil Nadu</strong>
INFO 2023-07-12 19:17:29 (5365) 	 /tmp/ipykernel_2074/879603697.py F<module> L4 - succesfully added <ul>
<li>Telangana State Board Of Intermediate Education,  Nampally Hyderabad-500001</li>
<li>Telangana State Board Of Secondary Education,  Chapel Road, Nampally, Hyderabad-500001</li>
<li>Telangana Open School Society</li>
</ul> - <strong>Telangana</strong>
INFO 2023-07-12 19:17:29 (5366) 	 /tmp/ipykernel_2074/879603697.py F<module> L4 - succesfully added <ul>
<li>Tripura Board Of Secondary Education</li>
</ul> - <strong>Tripura</strong>
INFO 2023-07-12 19:17:29 (5366) 	 /tmp/ipykernel_2074/879603697.py F<module> L4 - succesfully added <ul>
<li>Board of School Education Uttarakhand</li>
</ul> - <strong>Uttarakhand</strong>
INFO 2023-07-12 19:17:29 (5367) 	 /tmp/ipykernel_2074/879603697.py F<module> L4 - succesfully added <ul>
<li>U.P. Board Of High School &amp; Intermediate  Education</li>
<li>U.P. Board of Sec. Sanskrit Education Council</li>
<li>Board of Secondary Education Kant Shahjahanpur U.P.</li>
</ul> - <strong>Uttar Pradesh</strong>
INFO 2023-07-12 19:17:29 (5367) 	 /tmp/ipykernel_2074/879603697.py F<module> L4 - succesfully added <ul>
<li>West Bengal Board Of Secondary Education</li>
<li>west Bengal Council Of Higher Secondary  Education</li>
<li>West Bengal Board Of Primary Education</li>
<li>West Bengal Board Of Madrasah Education</li>
<li>The West Bengal Council Of Rabindra Open  Schooling</li>
</ul> - <strong>West Bengal</strong>
INFO 2023-07-12 19:17:29 (5380) 	 /tmp/ipykernel_2074/879603697.py F<module> L4 - succesfully added <ul>
<li>Central Board of Secondary Education</li>
</ul> - <strong>A &amp; N Islands</strong>
INFO 2023-07-12 19:17:29 (5383) 	 /tmp/ipykernel_2074/879603697.py F<module> L4 - succesfully added <ul>
<li>Central Board of Secondary Education</li>
</ul> - <strong>Chandigarh</strong>
INFO 2023-07-12 19:17:29 (5383) 	 /tmp/ipykernel_2074/879603697.py F<module> L4 - succesfully added <ul>
<li>Gujarat Secondary &amp; Higher Secondary Examination Board , vadodra,</li>
<li>Higher Secondary Certificate Examination Board, Ghadinagar</li>
</ul> - <strong>Dadra &amp; Nagar Haveli</strong>
INFO 2023-07-12 19:17:29 (5384) 	 /tmp/ipykernel_2074/879603697.py F<module> L4 - succesfully added <ul>
<li>Gujarat Secondary Education Board (GSEB) Vadodara, Gujarat.</li>
<li> Gujarat Secondary and Higher Secondary Education Board (GSHEB), Gandhinagar, Gujarat.</li>
</ul> - <strong>Daman &amp; Diu</strong>
INFO 2023-07-12 19:17:29 (5385) 	 /tmp/ipykernel_2074/879603697.py F<module> L4 - succesfully added <ul>
<li>Secondary School Leaving Certificate Examination Board Kerala</li>
<li> Board of Higher Secondary Examination Kerala</li>
</ul> - <strong>Lakshadweep</strong>
INFO 2023-07-12 19:17:29 (5389) 	 /tmp/ipykernel_2074/879603697.py F<module> L4 - succesfully added <ul>
<li>Board of Secondary Education, </li>
<li>Tamilnadu Board of public Examination, </li>
<li> Kerala Board of Secondary Education, </li>
<li> Andhra Pradesh Board of Matriculation Examination, </li>
<li> Central Board of Secondary Education <br/>
                  Board of Hr.Sec.Education, Tamilnadu,</li>
<li>Board of Hr. Sec. Examinations, Kerala
                  </li>
<li>Central Board of Secondary Education                  </li>
<li>Board of Intermediate Education, Andhra Pradesh </li>
<li> Department of Education, Puducherry</li>
</ul> - <strong>Puducherry</strong>
INFO 2023-07-12 19:21:32 (3810) 	 /tmp/ipykernel_4638/2564422528.py F<module> L3 - Scraped Board info successfully.
INFO 2023-07-12 19:21:33 (4265) 	 /tmp/ipykernel_4638/2864121130.py F<module> L4 - succesfully added board of intermediate education  (andhra pradesh)
board of secondary education (andhra pradesh) 
a.p. open school society govt. of andhra pradesh - andhra pradesh
INFO 2023-07-12 19:21:33 (4265) 	 /tmp/ipykernel_4638/2864121130.py F<module> L4 - succesfully added central board of secondary education - arunachal pradesh
INFO 2023-07-12 19:21:33 (4266) 	 /tmp/ipykernel_4638/2864121130.py F<module> L4 - succesfully added assam higher secondary education council
board of secondary education, assam
assam sanskrit board
state madrassa education board, assam - assam
INFO 2023-07-12 19:21:33 (4267) 	 /tmp/ipykernel_4638/2864121130.py F<module> L4 - succesfully added bihar school examination board
bihar board of open schooling & examination
bihar state madrasa education board
bihar sanskrit shiksha board - bihar
INFO 2023-07-12 19:21:33 (4273) 	 /tmp/ipykernel_4638/2864121130.py F<module> L4 - succesfully added chhatisgarh board of secondary education
chhatisgarh state open school
chhattisgarh sanskrit board, raipur
chhattisgarh madrasa board - chhattisgarh
INFO 2023-07-12 19:21:33 (4274) 	 /tmp/ipykernel_4638/2864121130.py F<module> L4 - succesfully added central board of secondary education - delhi (nct)
INFO 2023-07-12 19:21:33 (4275) 	 /tmp/ipykernel_4638/2864121130.py F<module> L4 - succesfully added goa board of secondary and higher secondary  education - goa
INFO 2023-07-12 19:21:33 (4275) 	 /tmp/ipykernel_4638/2864121130.py F<module> L4 - succesfully added gujarat secondary and higher secondary education  board - gujarat
INFO 2023-07-12 19:21:33 (4276) 	 /tmp/ipykernel_4638/2864121130.py F<module> L4 - succesfully added haryana board of school education - haryana
INFO 2023-07-12 19:21:33 (4277) 	 /tmp/ipykernel_4638/2864121130.py F<module> L4 - succesfully added himachal pradesh board of school education - himachal pradesh
INFO 2023-07-12 19:21:33 (4278) 	 /tmp/ipykernel_4638/2864121130.py F<module> L4 - succesfully added jammu and kashmir state board of school education - jammu and kashmir
INFO 2023-07-12 19:21:33 (4280) 	 /tmp/ipykernel_4638/2864121130.py F<module> L4 - succesfully added jharkhand academic council,ranchi - jharkhand
INFO 2023-07-12 19:21:33 (4280) 	 /tmp/ipykernel_4638/2864121130.py F<module> L4 - succesfully added govt. of karnataka dept. of pre-university  education
karnataka secondary education, examination board - karnataka
INFO 2023-07-12 19:21:33 (4282) 	 /tmp/ipykernel_4638/2864121130.py F<module> L4 - succesfully added kerala board of public examination
kerala board of higher secondary education - kerala
INFO 2023-07-12 19:21:33 (4283) 	 /tmp/ipykernel_4638/2864121130.py F<module> L4 - succesfully added board of secondary education,  madhya pradesh
m. p. state open school education board
maharishi patanjali sanskrit sansthan - madhya pradesh
INFO 2023-07-12 19:21:33 (4283) 	 /tmp/ipykernel_4638/2864121130.py F<module> L4 - succesfully added maharashtra state board of secondary and higher  secondary education - maharashtra
INFO 2023-07-12 19:21:33 (4284) 	 /tmp/ipykernel_4638/2864121130.py F<module> L4 - succesfully added board of secondary education, manipur
council of higher secondary education, manipur - manipur
INFO 2023-07-12 19:21:33 (4288) 	 /tmp/ipykernel_4638/2864121130.py F<module> L4 - succesfully added meghalaya board of school education - meghalaya
INFO 2023-07-12 19:21:33 (4290) 	 /tmp/ipykernel_4638/2864121130.py F<module> L4 - succesfully added mizoram board of school education - mizoram
INFO 2023-07-12 19:21:33 (4291) 	 /tmp/ipykernel_4638/2864121130.py F<module> L4 - succesfully added nagaland board of school education - nagaland
INFO 2023-07-12 19:21:33 (4292) 	 /tmp/ipykernel_4638/2864121130.py F<module> L4 - succesfully added council of higher secondary education, odisha
board of secondary education, odisha - odisha
INFO 2023-07-12 19:21:33 (4293) 	 /tmp/ipykernel_4638/2864121130.py F<module> L4 - succesfully added punjab school education board - punjab
INFO 2023-07-12 19:21:33 (4293) 	 /tmp/ipykernel_4638/2864121130.py F<module> L4 - succesfully added board of secondary education rajasthan
rajasthan state open school, jaipur - rajasthan
INFO 2023-07-12 19:21:33 (4294) 	 /tmp/ipykernel_4638/2864121130.py F<module> L4 - succesfully added central board of secondary education - sikkim
INFO 2023-07-12 19:21:33 (4294) 	 /tmp/ipykernel_4638/2864121130.py F<module> L4 - succesfully added state board of school examinations(sec.) & board  of higher secondary examinations, tamil nadu - tamil nadu
INFO 2023-07-12 19:21:33 (4295) 	 /tmp/ipykernel_4638/2864121130.py F<module> L4 - succesfully added telangana state board of intermediate education,  nampally hyderabad-500001
telangana state board of secondary education,  chapel road, nampally, hyderabad-500001
telangana open school society - telangana
INFO 2023-07-12 19:21:33 (4295) 	 /tmp/ipykernel_4638/2864121130.py F<module> L4 - succesfully added tripura board of secondary education - tripura
INFO 2023-07-12 19:21:33 (4295) 	 /tmp/ipykernel_4638/2864121130.py F<module> L4 - succesfully added board of school education uttarakhand - uttarakhand
INFO 2023-07-12 19:21:33 (4296) 	 /tmp/ipykernel_4638/2864121130.py F<module> L4 - succesfully added u.p. board of high school & intermediate  education
u.p. board of sec. sanskrit education council
board of secondary education kant shahjahanpur u.p. - uttar pradesh
INFO 2023-07-12 19:21:33 (4296) 	 /tmp/ipykernel_4638/2864121130.py F<module> L4 - succesfully added west bengal board of secondary education
west bengal council of higher secondary  education
west bengal board of primary education
west bengal board of madrasah education
the west bengal council of rabindra open  schooling - west bengal
INFO 2023-07-12 19:21:33 (4296) 	 /tmp/ipykernel_4638/2864121130.py F<module> L4 - succesfully added central board of secondary education - a & n islands
INFO 2023-07-12 19:21:33 (4296) 	 /tmp/ipykernel_4638/2864121130.py F<module> L4 - succesfully added central board of secondary education - chandigarh
INFO 2023-07-12 19:21:33 (4297) 	 /tmp/ipykernel_4638/2864121130.py F<module> L4 - succesfully added gujarat secondary & higher secondary examination board , vadodra,
higher secondary certificate examination board, ghadinagar - dadra & nagar haveli
INFO 2023-07-12 19:21:33 (4297) 	 /tmp/ipykernel_4638/2864121130.py F<module> L4 - succesfully added gujarat secondary education board (gseb) vadodara, gujarat.
 gujarat secondary and higher secondary education board (gsheb), gandhinagar, gujarat. - daman & diu
INFO 2023-07-12 19:21:33 (4297) 	 /tmp/ipykernel_4638/2864121130.py F<module> L4 - succesfully added secondary school leaving certificate examination board kerala
 board of higher secondary examination kerala - lakshadweep
INFO 2023-07-12 19:21:33 (4297) 	 /tmp/ipykernel_4638/2864121130.py F<module> L4 - succesfully added board of secondary education, 
tamilnadu board of public examination, 
 kerala board of secondary education, 
 andhra pradesh board of matriculation examination, 
 central board of secondary education 
                  board of hr.sec.education, tamilnadu,
board of hr. sec. examinations, kerala
                  
central board of secondary education                  
board of intermediate education, andhra pradesh 
 department of education, puducherry - puducherry
INFO 2023-07-12 19:21:33 (4346) 	 /tmp/ipykernel_4638/1653663754.py F<module> L3 - Data saved to json file succesfully!
